<?xml version="1.0" encoding="UTF-8"?>
<!-- Generated by org.testng.reporters.JUnitXMLReporter -->
<testsuite name="Default test" tests="28" failures="0" timestamp="10 Jul 2015 12:51:38 GMT" time="2.362" errors="0">
  <testcase name="compilingCode_throwsUndeclaredVariableException_ifReadingUndifinedVariable" time="0.102" classname="compilador.TestesCompilador"/>
  <testcase name="compilingCode_throwsUndeclaredVariableException_ifWritingUndifinedVariable" time="0.004" classname="compilador.TestesCompilador"/>
  <testcase name="compilingCode_throwsVariableAlreadyDefinedException_whenDefinigAlreadyDefinedVariable" time="0.001" classname="compilador.TestesCompilador"/>
  <testcase name="compilingCode_throwsVariableAndValueOfDifferentTypesException_ifWritingValueInVariableOfDifferentType" time="0.001" classname="compilador.TestesCompilador"/>
  <testcase name="runningCode_outputsExpectedText" time="0.122" classname="compilador.TestesCompilador"/>
  <testcase name="runningCode_outputsExpectedText" time="0.088" classname="compilador.TestesCompilador"/>
  <testcase name="runningCode_outputsExpectedText" time="0.082" classname="compilador.TestesCompilador"/>
  <testcase name="runningCode_outputsExpectedText" time="0.098" classname="compilador.TestesCompilador"/>
  <testcase name="runningCode_outputsExpectedText" time="0.093" classname="compilador.TestesCompilador"/>
  <testcase name="runningCode_outputsExpectedText" time="0.077" classname="compilador.TestesCompilador"/>
  <testcase name="runningCode_outputsExpectedText" time="0.092" classname="compilador.TestesCompilador"/>
  <testcase name="runningCode_outputsExpectedText" time="0.091" classname="compilador.TestesCompilador"/>
  <testcase name="runningCode_outputsExpectedText" time="0.092" classname="compilador.TestesCompilador"/>
  <testcase name="runningCode_outputsExpectedText" time="0.084" classname="compilador.TestesCompilador"/>
  <testcase name="runningCode_outputsExpectedText" time="0.083" classname="compilador.TestesCompilador"/>
  <testcase name="runningCode_outputsExpectedText" time="0.088" classname="compilador.TestesCompilador"/>
  <testcase name="runningCode_outputsExpectedText" time="0.079" classname="compilador.TestesCompilador"/>
  <testcase name="runningCode_outputsExpectedText" time="0.083" classname="compilador.TestesCompilador"/>
  <testcase name="runningCode_outputsExpectedText" time="0.082" classname="compilador.TestesCompilador"/>
  <testcase name="runningCode_outputsExpectedText" time="0.087" classname="compilador.TestesCompilador"/>
  <testcase name="runningCode_outputsExpectedText" time="0.094" classname="compilador.TestesCompilador"/>
  <testcase name="runningCode_outputsExpectedText" time="0.087" classname="compilador.TestesCompilador"/>
  <testcase name="runningCode_outputsExpectedText" time="0.094" classname="compilador.TestesCompilador"/>
  <testcase name="runningCode_outputsExpectedText" time="0.091" classname="compilador.TestesCompilador"/>
  <testcase name="runningCode_outputsExpectedText" time="0.082" classname="compilador.TestesCompilador"/>
  <testcase name="runningCode_outputsExpectedText" time="0.095" classname="compilador.TestesCompilador"/>
  <testcase name="runningCode_outputsExpectedText" time="0.091" classname="compilador.TestesCompilador"/>
  <testcase name="runningCode_outputsExpectedText" time="0.091" classname="compilador.TestesCompilador"/>
</testsuite> <!-- Default test -->
